<?xml version="1.0" encoding="utf-8"?><testsuites name="pytest tests"><testsuite name="pytest" errors="0" failures="0" skipped="0" tests="31" time="5.040" timestamp="2026-05-05T17:00:44.598422+00:00" hostname="agent-env-f86362f6-1b95-4035-8cea-5cc9e0d46613"><testcase classname="backend.tests.test_demo_tenant_isolation.TestAuthTenant" name="test_admin_login_tenant_main" time="0.544" /><testcase classname="backend.tests.test_demo_tenant_isolation.TestAuthTenant" name="test_demo_login_tenant_demo" time="0.396" /><testcase classname="backend.tests.test_demo_tenant_isolation.TestAuthTenant" name="test_demo_jwt_has_tenant_claim" time="0.000" /><testcase classname="backend.tests.test_demo_tenant_isolation.TestAuthTenant" name="test_admin_jwt_has_tenant_main" time="0.000" /><testcase classname="backend.tests.test_demo_tenant_isolation.TestDemoResetAuth" name="test_admin_cannot_reset_demo" time="0.074" /><testcase classname="backend.tests.test_demo_tenant_isolation.TestDemoResetAuth" name="test_unauth_cannot_reset_demo" time="0.283" /><testcase classname="backend.tests.test_demo_tenant_isolation.TestDemoResetAuth" name="test_demo_can_reset" time="0.072" /><testcase classname="backend.tests.test_demo_tenant_isolation.TestDemoEmptyAndIsolation" name="test_demo_bepaaris_empty" time="0.068" /><testcase classname="backend.tests.test_demo_tenant_isolation.TestDemoEmptyAndIsolation" name="test_demo_dukandars_empty" time="0.069" /><testcase classname="backend.tests.test_demo_tenant_isolation.TestDemoEmptyAndIsolation" name="test_demo_daily_sales_empty" time="0.074" /><testcase classname="backend.tests.test_demo_tenant_isolation.TestDemoEmptyAndIsolation" name="test_demo_cash_book_empty" time="0.075" /><testcase classname="backend.tests.test_demo_tenant_isolation.TestDemoEmptyAndIsolation" name="test_demo_balance_sheet_zero" time="0.099" /><testcase classname="backend.tests.test_demo_tenant_isolation.TestDemoEmptyAndIsolation" name="test_demo_does_not_see_admin_bepaari_names" time="0.551" /><testcase classname="backend.tests.test_demo_tenant_isolation.TestDemoFlows" name="test_create_masters" time="0.288" /><testcase classname="backend.tests.test_demo_tenant_isolation.TestDemoFlows" name="test_capital_taken_100k_increments_cash_and_capital" time="0.197" /><testcase classname="backend.tests.test_demo_tenant_isolation.TestDemoFlows" name="test_daily_sale_four_ledger_effects" time="0.267" /><testcase classname="backend.tests.test_demo_tenant_isolation.TestDemoFlows" name="test_cash_receipt_from_dukandar" time="0.171" /><testcase classname="backend.tests.test_demo_tenant_isolation.TestDemoFlows" name="test_cash_payment_to_bepaari" time="0.230" /><testcase classname="backend.tests.test_demo_tenant_isolation.TestDemoFlows" name="test_jv_cash_to_bank" time="0.243" /><testcase classname="backend.tests.test_demo_tenant_isolation.TestDemoReports" name="test_bepaari_aakda" time="0.073" /><testcase classname="backend.tests.test_demo_tenant_isolation.TestDemoReports" name="test_party_statement_dukandar" time="0.075" /><testcase classname="backend.tests.test_demo_tenant_isolation.TestDemoReports" name="test_activity_log_only_demo" time="0.084" /><testcase classname="backend.tests.test_demo_tenant_isolation.TestAdminReverseIsolation" name="test_admin_bepaaris_unchanged" time="0.067" /><testcase classname="backend.tests.test_demo_tenant_isolation.TestAdminReverseIsolation" name="test_admin_dukandars_unchanged" time="0.074" /><testcase classname="backend.tests.test_demo_tenant_isolation.TestAdminReverseIsolation" name="test_admin_sales_count_unchanged" time="0.082" /><testcase classname="backend.tests.test_demo_tenant_isolation.TestAdminReverseIsolation" name="test_admin_cash_count_unchanged" time="0.128" /><testcase classname="backend.tests.test_demo_tenant_isolation.TestAdminReverseIsolation" name="test_admin_adjustments_count_unchanged" time="0.072" /><testcase classname="backend.tests.test_demo_tenant_isolation.TestAdminReverseIsolation" name="test_admin_bs_still_tallies" time="0.098" /><testcase classname="backend.tests.test_demo_tenant_isolation.TestFinalReset" name="test_demo_reset_at_end" time="0.072" /><testcase classname="backend.tests.test_demo_tenant_isolation.TestFinalReset" name="test_demo_empty_after_final_reset" time="0.327" /><testcase classname="backend.tests.test_demo_tenant_isolation.TestFinalReset" name="test_admin_data_intact_after_reset" time="0.076" /></testsuite></testsuites>