<?xml version="1.0" encoding="utf-8"?><testsuites name="pytest tests"><testsuite name="pytest" errors="0" failures="0" skipped="0" tests="11" time="2.054" timestamp="2026-04-08T11:41:52.664411+00:00" hostname="agent-env-f86362f6-1b95-4035-8cea-5cc9e0d46613"><testcase classname="backend.tests.test_mandi_features.TestDailySalesEdit" name="test_daily_sales_get" time="0.209" /><testcase classname="backend.tests.test_mandi_features.TestDailySalesEdit" name="test_daily_sales_put_update_discount" time="0.403" /><testcase classname="backend.tests.test_mandi_features.TestDailySalesEdit" name="test_daily_sales_put_update_quantity_rate" time="0.423" /><testcase classname="backend.tests.test_mandi_features.TestPartyStatementWithJV" name="test_party_statement_bepaari_includes_adjustments" time="0.104" /><testcase classname="backend.tests.test_mandi_features.TestPartyStatementWithJV" name="test_party_statement_dukandar" time="0.206" /><testcase classname="backend.tests.test_mandi_features.TestBalanceSheetIndividualNames" name="test_balance_sheet_structure" time="0.112" /><testcase classname="backend.tests.test_mandi_features.TestBalanceSheetIndividualNames" name="test_balance_sheet_tallies" time="0.111" /><testcase classname="backend.tests.test_mandi_features.TestBalanceSheetIndividualNames" name="test_balance_sheet_totals_match_lists" time="0.105" /><testcase classname="backend.tests.test_mandi_features.TestCSVExportWithAdjustments" name="test_csv_export_includes_adjustments" time="0.115" /><testcase classname="backend.tests.test_mandi_features.TestCSVExportWithAdjustments" name="test_csv_export_content_type" time="0.110" /><testcase classname="backend.tests.test_mandi_features.TestAdjustmentsEndpoint" name="test_get_adjustments" time="0.100" /></testsuite></testsuites>