<?xml version="1.0" encoding="utf-8"?><testsuites name="pytest tests"><testsuite name="pytest" errors="0" failures="0" skipped="0" tests="10" time="5.774" timestamp="2026-04-21T09:59:14.702339+00:00" hostname="agent-env-f86362f6-1b95-4035-8cea-5cc9e0d46613"><testcase classname="backend.tests.test_expense_writeoffs.TestExpenseWriteoffs" name="test_01_bf_discount_writeoff_dukandar" time="0.823" /><testcase classname="backend.tests.test_expense_writeoffs.TestExpenseWriteoffs" name="test_02_mandi_expense_writeoff_bepaari" time="0.727" /><testcase classname="backend.tests.test_expense_writeoffs.TestExpenseWriteoffs" name="test_03_party_to_party_jv_still_works" time="0.718" /><testcase classname="backend.tests.test_expense_writeoffs.TestExpenseWriteoffs" name="test_04_dukandar_jv_still_works" time="0.639" /><testcase classname="backend.tests.test_expense_writeoffs.TestExpenseWriteoffs" name="test_05_get_adjustments_returns_expense_writeoffs" time="0.339" /><testcase classname="backend.tests.test_expense_writeoffs.TestExpenseWriteoffs" name="test_06_delete_adjustment_restores_balances" time="0.824" /><testcase classname="backend.tests.test_expense_writeoffs.TestExpenseWriteoffs" name="test_07_combined_writeoffs_balance_sheet_tallies" time="0.692" /><testcase classname="backend.tests.test_expense_writeoffs.TestExpenseWriteoffEdgeCases" name="test_08_invalid_expense_head_on_credit_side" time="0.202" /><testcase classname="backend.tests.test_expense_writeoffs.TestExpenseWriteoffEdgeCases" name="test_09_zero_amount_writeoff_rejected" time="0.214" /><testcase classname="backend.tests.test_expense_writeoffs.TestExpenseWriteoffEdgeCases" name="test_10_party_statement_shows_writeoffs" time="0.466" /></testsuite></testsuites>