<?xml version="1.0" encoding="utf-8"?><testsuites name="pytest tests"><testsuite name="pytest" errors="0" failures="0" skipped="0" tests="9" time="2.678" timestamp="2026-05-07T14:28:55.469258+00:00" hostname="agent-env-f86362f6-1b95-4035-8cea-5cc9e0d46613"><testcase classname="backend.tests.test_cashbook_daily_expenses.TestCashBookSubTypes" name="test_post_each_subtype[MOTOR-7500.0]" time="0.778" /><testcase classname="backend.tests.test_cashbook_daily_expenses.TestCashBookSubTypes" name="test_post_each_subtype[BHUSSA-150.0]" time="0.129" /><testcase classname="backend.tests.test_cashbook_daily_expenses.TestCashBookSubTypes" name="test_post_each_subtype[GAWALI-1920.0]" time="0.150" /><testcase classname="backend.tests.test_cashbook_daily_expenses.TestCashBookSubTypes" name="test_post_each_subtype[CASH_ADV-5000.0]" time="0.155" /><testcase classname="backend.tests.test_cashbook_daily_expenses.TestCashBookSubTypes" name="test_post_each_subtype[PAYMENT-100000.0]" time="0.131" /><testcase classname="backend.tests.test_cashbook_daily_expenses.TestNettingMathInvariant" name="test_party_statement_and_aakda_agree" time="0.640" /><testcase classname="backend.tests.test_cashbook_daily_expenses.TestNettingMathInvariant" name="test_netting_breakdown_components" time="0.066" /><testcase classname="backend.tests.test_cashbook_daily_expenses.TestTenantIsolation" name="test_admin_bepaari_count_unchanged" time="0.442" /><testcase classname="backend.tests.test_cashbook_daily_expenses.TestTenantIsolation" name="test_demo_test_bepaari_invisible_to_admin" time="0.126" /></testsuite></testsuites>