<?xml version="1.0" encoding="utf-8"?><testsuites name="pytest tests"><testsuite name="pytest" errors="0" failures="0" skipped="0" tests="26" time="2.976" timestamp="2026-09-02T08:03:52.862686+00:00" hostname="agent-env-f86362f6-1b95-4035-8cea-5cc9e0d46613"><testcase classname="backend.tests.test_head_statement" name="test_head_statement_schema[MANDI_EXPENSE]" time="0.583" /><testcase classname="backend.tests.test_head_statement" name="test_head_statement_schema[BF_DISCOUNT]" time="0.070" /><testcase classname="backend.tests.test_head_statement" name="test_head_statement_schema[MHN_PERSONAL]" time="0.064" /><testcase classname="backend.tests.test_head_statement" name="test_head_statement_schema[KK]" time="0.071" /><testcase classname="backend.tests.test_head_statement" name="test_head_statement_schema[JB]" time="0.085" /><testcase classname="backend.tests.test_head_statement" name="test_head_statement_schema[COMMISSION]" time="0.091" /><testcase classname="backend.tests.test_head_statement" name="test_head_statement_schema[ZAKAT]" time="0.065" /><testcase classname="backend.tests.test_head_statement" name="test_head_statement_schema[CASH]" time="0.109" /><testcase classname="backend.tests.test_head_statement" name="test_head_statement_schema[BANK]" time="0.083" /><testcase classname="backend.tests.test_head_statement" name="test_head_statement_schema[CAPITAL]" time="0.066" /><testcase classname="backend.tests.test_head_statement" name="test_head_closing_matches_bs[MANDI_EXPENSE]" time="0.148" /><testcase classname="backend.tests.test_head_statement" name="test_head_closing_matches_bs[BF_DISCOUNT]" time="0.065" /><testcase classname="backend.tests.test_head_statement" name="test_head_closing_matches_bs[MHN_PERSONAL]" time="0.061" /><testcase classname="backend.tests.test_head_statement" name="test_head_closing_matches_bs[KK]" time="0.065" /><testcase classname="backend.tests.test_head_statement" name="test_head_closing_matches_bs[JB]" time="0.072" /><testcase classname="backend.tests.test_head_statement" name="test_head_closing_matches_bs[COMMISSION]" time="0.076" /><testcase classname="backend.tests.test_head_statement" name="test_head_closing_matches_bs[ZAKAT]" time="0.066" /><testcase classname="backend.tests.test_head_statement" name="test_head_closing_matches_bs[CASH]" time="0.088" /><testcase classname="backend.tests.test_head_statement" name="test_head_closing_matches_bs[BANK]" time="0.077" /><testcase classname="backend.tests.test_head_statement" name="test_head_closing_matches_bs[CAPITAL]" time="0.062" /><testcase classname="backend.tests.test_head_statement" name="test_unknown_head_404" time="0.060" /><testcase classname="backend.tests.test_head_statement" name="test_csv_export" time="0.065" /><testcase classname="backend.tests.test_head_statement" name="test_head_statement_requires_auth" time="0.107" /><testcase classname="backend.tests.test_head_statement" name="test_head_statement_non_admin_forbidden" time="0.417" /><testcase classname="backend.tests.test_head_statement" name="test_date_filter_rolls_opening_forward" time="0.125" /><testcase classname="backend.tests.test_head_statement" name="test_cash_book_reassign_route_not_shadowed" time="0.065" /></testsuite></testsuites>