<?xml version="1.0" encoding="utf-8"?><testsuites name="pytest tests"><testsuite name="pytest" errors="0" failures="0" skipped="0" tests="10" time="1.535" timestamp="2026-04-18T19:02:18.092638+00:00" hostname="agent-env-f86362f6-1b95-4035-8cea-5cc9e0d46613"><testcase classname="tests.test_differential_pricing.TestDifferentialPricingCreate" name="test_create_sale_with_dukandar_rate" time="0.133" /><testcase classname="tests.test_differential_pricing.TestDifferentialPricingCreate" name="test_create_sale_without_dukandar_rate" time="0.059" /><testcase classname="tests.test_differential_pricing.TestDifferentialPricingCreate" name="test_create_sale_with_same_rate" time="0.049" /><testcase classname="tests.test_differential_pricing.TestDifferentialPricingUpdate" name="test_update_sale_add_dukandar_rate" time="0.166" /><testcase classname="tests.test_differential_pricing.TestDifferentialPricingUpdate" name="test_update_sale_clear_dukandar_rate" time="0.178" /><testcase classname="tests.test_differential_pricing.TestBalanceSheetWithDifferentialPricing" name="test_balance_sheet_includes_rate_diff" time="0.063" /><testcase classname="tests.test_differential_pricing.TestBalanceSheetWithDifferentialPricing" name="test_balance_sheet_tallies_with_differential_pricing" time="0.197" /><testcase classname="tests.test_differential_pricing.TestDukandarLedgerWithDifferentialPricing" name="test_dukandar_ledger_uses_dukandar_amount" time="0.117" /><testcase classname="tests.test_differential_pricing.TestBepariLedgerWithDifferentialPricing" name="test_bepaari_ledger_uses_gross_amount" time="0.062" /><testcase classname="tests.test_differential_pricing.TestDailySalesAPIResponse" name="test_daily_sales_returns_dukandar_rate_fields" time="0.457" /></testsuite></testsuites>