<?xml version="1.0" encoding="utf-8"?><testsuites name="pytest tests"><testsuite name="pytest" errors="0" failures="0" skipped="0" tests="9" time="4.224" timestamp="2026-05-14T12:14:01.083677+00:00" hostname="agent-env-f86362f6-1b95-4035-8cea-5cc9e0d46613"><testcase classname="backend.tests.test_jv_directional.TestBepaariToBepaariJV" name="test_bep_to_bep_transfer" time="1.242" /><testcase classname="backend.tests.test_jv_directional.TestDukandarToDukandarJV" name="test_duk_to_duk_transfer" time="0.585" /><testcase classname="backend.tests.test_jv_directional.TestDukandarToBepaariLegacyJV" name="test_duk_pays_bep" time="0.571" /><testcase classname="backend.tests.test_jv_directional.TestBepaariWriteOffNew" name="test_bep_writeoff_new" time="0.377" /><testcase classname="backend.tests.test_jv_directional.TestBepaariWriteOffLegacy" name="test_bep_writeoff_legacy" time="0.380" /><testcase classname="backend.tests.test_jv_directional.TestDukandarWriteOffLegacy" name="test_duk_writeoff_legacy" time="0.371" /><testcase classname="backend.tests.test_jv_directional.TestAdminUntouched" name="test_admin_bepaari_count" time="0.402" /><testcase classname="backend.tests.test_jv_directional.TestAdminUntouched" name="test_admin_junaid_present" time="0.067" /><testcase classname="backend.tests.test_jv_directional.TestAdminUntouched" name="test_admin_balance_sheet_tallies" time="0.154" /></testsuite></testsuites>