<?xml version="1.0" encoding="utf-8"?><testsuites name="pytest tests"><testsuite name="pytest" errors="0" failures="0" skipped="1" tests="29" time="3.965" timestamp="2026-04-28T10:33:02.440191+00:00" hostname="agent-env-f86362f6-1b95-4035-8cea-5cc9e0d46613"><testcase classname="backend.tests.test_smoke_predeploy.TestAuth" name="test_login_admin_sets_cookie" time="0.482" /><testcase classname="backend.tests.test_smoke_predeploy.TestAuth" name="test_me_returns_admin" time="0.051" /><testcase classname="backend.tests.test_smoke_predeploy.TestAuth" name="test_login_invalid" time="0.353" /><testcase classname="backend.tests.test_smoke_predeploy.TestAuth" name="test_logout_clears_cookie" time="0.473" /><testcase classname="backend.tests.test_smoke_predeploy.TestAuth" name="test_protected_without_auth" time="0.161" /><testcase classname="backend.tests.test_smoke_predeploy.TestRBAC" name="test_operator_blocked_balance_sheet" time="0.388" /><testcase classname="backend.tests.test_smoke_predeploy.TestRBAC" name="test_operator_blocked_export_all" time="0.049" /><testcase classname="backend.tests.test_smoke_predeploy.TestRBAC" name="test_operator_blocked_activity_log" time="0.064" /><testcase classname="backend.tests.test_smoke_predeploy.TestRBAC" name="test_operator_blocked_settings_put" time="0.045" /><testcase classname="backend.tests.test_smoke_predeploy.TestBalanceSheet" name="test_balance_sheet_tallied" time="0.076" /><testcase classname="backend.tests.test_smoke_predeploy.TestBalanceSheet" name="test_balance_sheet_admin_only" time="0.119" /><testcase classname="backend.tests.test_smoke_predeploy.TestBepaariLedger" name="test_bepaari_ledger_structure" time="0.054" /><testcase classname="backend.tests.test_smoke_predeploy.TestBepaariLedger" name="test_bepaari_flat_rate_priority" time="0.033"><skipped type="pytest.skip" message="no bepaari with flat_rate_per_goat">/app/backend/tests/test_smoke_predeploy.py:166: no bepaari with flat_rate_per_goat</skipped></testcase><testcase classname="backend.tests.test_smoke_predeploy.TestDukandarLedger" name="test_dukandar_ledger_has_oldest_unpaid_days" time="0.062" /><testcase classname="backend.tests.test_smoke_predeploy.TestDukandarLedger" name="test_mudassir_oldest_unpaid_days_999" time="0.057" /><testcase classname="backend.tests.test_smoke_predeploy.TestDailySaleAndAudit" name="test_capture_baseline_balance" time="0.072" /><testcase classname="backend.tests.test_smoke_predeploy.TestDailySaleAndAudit" name="test_create_daily_sale_with_comment" time="0.054" /><testcase classname="backend.tests.test_smoke_predeploy.TestDailySaleAndAudit" name="test_get_daily_sale_persists_comment" time="0.049" /><testcase classname="backend.tests.test_smoke_predeploy.TestDailySaleAndAudit" name="test_update_daily_sale_empty_comment_becomes_none" time="0.149" /><testcase classname="backend.tests.test_smoke_predeploy.TestDailySaleAndAudit" name="test_aakda_includes_comment" time="0.052" /><testcase classname="backend.tests.test_smoke_predeploy.TestDailySaleAndAudit" name="test_create_audit_log_captures_user" time="0.047" /><testcase classname="backend.tests.test_smoke_predeploy.TestDailySaleAndAudit" name="test_balance_sheet_still_tallied_after_test_data" time="0.070" /><testcase classname="backend.tests.test_smoke_predeploy.TestCreateAuditCashAndAdjustment" name="test_create_cashbook_logs_create" time="0.100" /><testcase classname="backend.tests.test_smoke_predeploy.TestCreateAuditCashAndAdjustment" name="test_create_adjustment_logs_create" time="0.105" /><testcase classname="backend.tests.test_smoke_predeploy.TestBalanceTransferAudit" name="test_existing_balance_transfers_have_create_logs" time="0.060" /><testcase classname="backend.tests.test_smoke_predeploy.TestSettingsPut" name="test_settings_put_admin" time="0.099" /><testcase classname="backend.tests.test_smoke_predeploy.TestPartyStatement" name="test_party_statement_bepaari" time="0.071" /><testcase classname="backend.tests.test_smoke_predeploy.TestPartyStatement" name="test_party_statement_ledger_match" time="0.210" /><testcase classname="backend.tests.test_smoke_predeploy" name="test_final_balance_sheet_tally" time="0.069" /></testsuite></testsuites>